<?xml version="1.0" encoding="UTF-8" ?>
<testsuite tests="60" failures="0" name="TestSuite" time="3.001" errors="0" skipped="0">
  <properties>
    <property name="java.runtime.name" value="Java(TM) SE Runtime Environment"/>
    <property name="sun.boot.library.path" value="C:\Program Files\Java\jdk1.8.0_171\jre\bin"/>
    <property name="java.vm.version" value="25.171-b11"/>
    <property name="java.vm.vendor" value="Oracle Corporation"/>
    <property name="java.vendor.url" value="http://java.oracle.com/"/>
    <property name="path.separator" value=";"/>
    <property name="java.vm.name" value="Java HotSpot(TM) 64-Bit Server VM"/>
    <property name="file.encoding.pkg" value="sun.io"/>
    <property name="user.script" value=""/>
    <property name="user.country" value="CN"/>
    <property name="sun.java.launcher" value="SUN_STANDARD"/>
    <property name="sun.os.patch.level" value="Service Pack 1"/>
    <property name="java.vm.specification.name" value="Java Virtual Machine Specification"/>
    <property name="user.dir" value="D:\space\eclipse\MusicMaven"/>
    <property name="java.runtime.version" value="1.8.0_171-b11"/>
    <property name="java.awt.graphicsenv" value="sun.awt.Win32GraphicsEnvironment"/>
    <property name="basedir" value="D:\space\eclipse\MusicMaven"/>
    <property name="java.endorsed.dirs" value="C:\Program Files\Java\jdk1.8.0_171\jre\lib\endorsed"/>
    <property name="os.arch" value="amd64"/>
    <property name="surefire.real.class.path" value="C:\Users\hp\AppData\Local\Temp\surefirebooter1396448474572330831.jar"/>
    <property name="java.io.tmpdir" value="C:\Users\hp\AppData\Local\Temp\"/>
    <property name="line.separator" value="
"/>
    <property name="java.vm.specification.vendor" value="Oracle Corporation"/>
    <property name="user.variant" value=""/>
    <property name="os.name" value="Windows 7"/>
    <property name="sun.jnu.encoding" value="GBK"/>
    <property name="java.library.path" value="C:\Program Files\Java\jdk1.8.0_171\jre\bin;C:\Windows\Sun\Java\bin;C:\Windows\system32;C:\Windows;C:/Program Files/Java/jre1.8.0_171/bin/server;C:/Program Files/Java/jre1.8.0_171/bin;C:/Program Files/Java/jre1.8.0_171/lib/amd64;D:\Development\android-sdk\platform-tools;D:\Development\android-sdk\tools;D:\Development\android-sdk\build-tools;CLASSPATH=D:\test\apache-ant-1.10.5\lib;D:\test\apache-ant-1.10.5\bin;D:\software\development\apache-tomcat-8.5.30\lib;D:\software\development\apache-tomcat-8.5.30\bin;%PY_HOME\Scripts%;D:\test\apache-ant-1.10.5\lib;D:\test\apache-ant-1.10.5\bin;D:\Development\python37;D:\Development\python37\Scripts;d:\Program Files (x86)\STMicroelectronics\st_toolset\asm;C:\Program Files (x86)\Common Files\Oracle\Java\javapath;C:\Windows\system32;C:\Windows;C:\Windows\System32\Wbem;C:\Windows\System32\WindowsPowerShell\v1.0\;C:\Program Files\Intel\WiFi\bin\;C:\Program Files\Common Files\Intel\WirelessCommon\;D:\Tools\python;D:\test\apache-maven-3.6.1\bin\;C:\Program Files\Java\jdk1.8.0_171\bin;C:\Program Files\Java\jdk1.8.0_171\jre\bin;D:\software\development\apache-tomcat-8.5.30\lib;D:\software\development\apache-tomcat-8.5.30\bin;D:\Development\nodejs;C:\Program Files\TortoiseSVN\bin;D:\test\apache-jmeter-5.1.1\bin;D:\Tools\Git\cmd;D:\Development\mysql\bin;D:\Development\Git\cmd;D:\Development\nodejs;D:\Development\npm;C:\Windows\system32\config\systemprofile\.dnx\bin;C:\Program Files\Microsoft DNX\Dnvm\;C:\Program Files\Microsoft SQL Server\130\Tools\Binn\;D:\Java\jdk1.8.0_144\bin;D:\test\Fiddler;C:\Users\hp\AppData\Roaming\npm;D:\Development\eclipse-jee-2018-09-win32-x86_64\eclipse;;."/>
    <property name="surefire.test.class.path" value="D:\space\eclipse\MusicMaven\target\test-classes;D:\space\eclipse\MusicMaven\target\classes;F:\mavenRepository\org\testng\testng\6.14.3\testng-6.14.3.jar;F:\mavenRepository\com\beust\jcommander\1.72\jcommander-1.72.jar;F:\mavenRepository\org\apache-extras\beanshell\bsh\2.0b6\bsh-2.0b6.jar;F:\mavenRepository\org\yaml\snakeyaml\1.24\snakeyaml-1.24.jar;F:\mavenRepository\org\seleniumhq\selenium\selenium-java\3.14.0\selenium-java-3.14.0.jar;F:\mavenRepository\org\seleniumhq\selenium\selenium-api\3.14.0\selenium-api-3.14.0.jar;F:\mavenRepository\org\seleniumhq\selenium\selenium-chrome-driver\3.14.0\selenium-chrome-driver-3.14.0.jar;F:\mavenRepository\org\seleniumhq\selenium\selenium-edge-driver\3.14.0\selenium-edge-driver-3.14.0.jar;F:\mavenRepository\org\seleniumhq\selenium\selenium-firefox-driver\3.14.0\selenium-firefox-driver-3.14.0.jar;F:\mavenRepository\org\seleniumhq\selenium\selenium-ie-driver\3.14.0\selenium-ie-driver-3.14.0.jar;F:\mavenRepository\org\seleniumhq\selenium\selenium-opera-driver\3.14.0\selenium-opera-driver-3.14.0.jar;F:\mavenRepository\org\seleniumhq\selenium\selenium-remote-driver\3.14.0\selenium-remote-driver-3.14.0.jar;F:\mavenRepository\org\seleniumhq\selenium\selenium-safari-driver\3.14.0\selenium-safari-driver-3.14.0.jar;F:\mavenRepository\org\seleniumhq\selenium\selenium-support\3.14.0\selenium-support-3.14.0.jar;F:\mavenRepository\net\bytebuddy\byte-buddy\1.8.15\byte-buddy-1.8.15.jar;F:\mavenRepository\org\apache\commons\commons-exec\1.3\commons-exec-1.3.jar;F:\mavenRepository\commons-codec\commons-codec\1.10\commons-codec-1.10.jar;F:\mavenRepository\commons-logging\commons-logging\1.2\commons-logging-1.2.jar;F:\mavenRepository\com\google\guava\guava\25.0-jre\guava-25.0-jre.jar;F:\mavenRepository\com\google\code\findbugs\jsr305\1.3.9\jsr305-1.3.9.jar;F:\mavenRepository\org\checkerframework\checker-compat-qual\2.0.0\checker-compat-qual-2.0.0.jar;F:\mavenRepository\com\google\errorprone\error_prone_annotations\2.1.3\error_prone_annotations-2.1.3.jar;F:\mavenRepository\com\google\j2objc\j2objc-annotations\1.1\j2objc-annotations-1.1.jar;F:\mavenRepository\org\codehaus\mojo\animal-sniffer-annotations\1.14\animal-sniffer-annotations-1.14.jar;F:\mavenRepository\com\squareup\okhttp3\okhttp\3.10.0\okhttp-3.10.0.jar;F:\mavenRepository\com\squareup\okio\okio\1.14.1\okio-1.14.1.jar;F:\mavenRepository\org\apache\logging\log4j\log4j-api\2.11.0\log4j-api-2.11.0.jar;F:\mavenRepository\org\apache\logging\log4j\log4j-core\2.11.0\log4j-core-2.11.0.jar;F:\mavenRepository\org\apache\logging\log4j\log4j-1.2-api\2.11.0\log4j-1.2-api-2.11.0.jar;F:\mavenRepository\io\appium\java-client\6.1.0\java-client-6.1.0.jar;F:\mavenRepository\com\google\code\gson\gson\2.8.4\gson-2.8.4.jar;F:\mavenRepository\cglib\cglib\3.2.6\cglib-3.2.6.jar;F:\mavenRepository\org\apache\ant\ant\1.9.6\ant-1.9.6.jar;F:\mavenRepository\org\apache\ant\ant-launcher\1.9.6\ant-launcher-1.9.6.jar;F:\mavenRepository\commons-validator\commons-validator\1.6\commons-validator-1.6.jar;F:\mavenRepository\commons-beanutils\commons-beanutils\1.9.2\commons-beanutils-1.9.2.jar;F:\mavenRepository\commons-digester\commons-digester\1.8.1\commons-digester-1.8.1.jar;F:\mavenRepository\commons-collections\commons-collections\3.2.2\commons-collections-3.2.2.jar;F:\mavenRepository\org\apache\commons\commons-lang3\3.7\commons-lang3-3.7.jar;F:\mavenRepository\org\springframework\spring-context\5.0.5.RELEASE\spring-context-5.0.5.RELEASE.jar;F:\mavenRepository\org\springframework\spring-aop\5.0.5.RELEASE\spring-aop-5.0.5.RELEASE.jar;F:\mavenRepository\org\springframework\spring-beans\5.0.5.RELEASE\spring-beans-5.0.5.RELEASE.jar;F:\mavenRepository\org\springframework\spring-core\5.0.5.RELEASE\spring-core-5.0.5.RELEASE.jar;F:\mavenRepository\org\springframework\spring-jcl\5.0.5.RELEASE\spring-jcl-5.0.5.RELEASE.jar;F:\mavenRepository\org\springframework\spring-expression\5.0.5.RELEASE\spring-expression-5.0.5.RELEASE.jar;F:\mavenRepository\org\aspectj\aspectjweaver\1.9.1\aspectjweaver-1.9.1.jar;F:\mavenRepository\org\openpnp\opencv\3.2.0-1\opencv-3.2.0-1.jar;F:\mavenRepository\org\apache\poi\poi\3.17\poi-3.17.jar;F:\mavenRepository\org\apache\commons\commons-collections4\4.1\commons-collections4-4.1.jar;F:\mavenRepository\org\apache\poi\poi-ooxml\3.17\poi-ooxml-3.17.jar;F:\mavenRepository\com\github\virtuald\curvesapi\1.04\curvesapi-1.04.jar;F:\mavenRepository\org\apache\poi\poi-ooxml-schemas\3.17\poi-ooxml-schemas-3.17.jar;F:\mavenRepository\org\apache\xmlbeans\xmlbeans\2.6.0\xmlbeans-2.6.0.jar;F:\mavenRepository\stax\stax-api\1.0.1\stax-api-1.0.1.jar;F:\mavenRepository\net\minidev\accessors-smart\1.2\accessors-smart-1.2.jar;F:\mavenRepository\org\ow2\asm\asm\5.0.4\asm-5.0.4.jar;F:\mavenRepository\com\jayway\jsonpath\json-path\2.4.0\json-path-2.4.0.jar;F:\mavenRepository\net\minidev\json-smart\2.3\json-smart-2.3.jar;F:\mavenRepository\org\slf4j\slf4j-nop\1.7.24\slf4j-nop-1.7.24.jar;F:\mavenRepository\org\slf4j\slf4j-api\1.7.25\slf4j-api-1.7.25.jar;F:\mavenRepository\commons-io\commons-io\2.6\commons-io-2.6.jar;F:\mavenRepository\org\apache\httpcomponents\httpclient\4.5.3\httpclient-4.5.3.jar;F:\mavenRepository\org\apache\httpcomponents\httpcore\4.4.6\httpcore-4.4.6.jar;F:\mavenRepository\org\apache\httpcomponents\httpmime\4.5.5\httpmime-4.5.5.jar;F:\mavenRepository\org\json\json\20180813\json-20180813.jar;F:\mavenRepository\javax\mail\mail\1.4.7\mail-1.4.7.jar;F:\mavenRepository\javax\activation\activation\1.1\activation-1.1.jar;"/>
    <property name="java.specification.name" value="Java Platform API Specification"/>
    <property name="java.class.version" value="52.0"/>
    <property name="sun.management.compiler" value="HotSpot 64-Bit Tiered Compilers"/>
    <property name="os.version" value="6.1"/>
    <property name="user.home" value="C:\Users\hp"/>
    <property name="user.timezone" value="Asia/Shanghai"/>
    <property name="java.awt.printerjob" value="sun.awt.windows.WPrinterJob"/>
    <property name="java.specification.version" value="1.8"/>
    <property name="file.encoding" value="UTF-8"/>
    <property name="user.name" value="hp"/>
    <property name="java.class.path" value="D:\space\eclipse\MusicMaven\target\test-classes;D:\space\eclipse\MusicMaven\target\classes;F:\mavenRepository\org\testng\testng\6.14.3\testng-6.14.3.jar;F:\mavenRepository\com\beust\jcommander\1.72\jcommander-1.72.jar;F:\mavenRepository\org\apache-extras\beanshell\bsh\2.0b6\bsh-2.0b6.jar;F:\mavenRepository\org\yaml\snakeyaml\1.24\snakeyaml-1.24.jar;F:\mavenRepository\org\seleniumhq\selenium\selenium-java\3.14.0\selenium-java-3.14.0.jar;F:\mavenRepository\org\seleniumhq\selenium\selenium-api\3.14.0\selenium-api-3.14.0.jar;F:\mavenRepository\org\seleniumhq\selenium\selenium-chrome-driver\3.14.0\selenium-chrome-driver-3.14.0.jar;F:\mavenRepository\org\seleniumhq\selenium\selenium-edge-driver\3.14.0\selenium-edge-driver-3.14.0.jar;F:\mavenRepository\org\seleniumhq\selenium\selenium-firefox-driver\3.14.0\selenium-firefox-driver-3.14.0.jar;F:\mavenRepository\org\seleniumhq\selenium\selenium-ie-driver\3.14.0\selenium-ie-driver-3.14.0.jar;F:\mavenRepository\org\seleniumhq\selenium\selenium-opera-driver\3.14.0\selenium-opera-driver-3.14.0.jar;F:\mavenRepository\org\seleniumhq\selenium\selenium-remote-driver\3.14.0\selenium-remote-driver-3.14.0.jar;F:\mavenRepository\org\seleniumhq\selenium\selenium-safari-driver\3.14.0\selenium-safari-driver-3.14.0.jar;F:\mavenRepository\org\seleniumhq\selenium\selenium-support\3.14.0\selenium-support-3.14.0.jar;F:\mavenRepository\net\bytebuddy\byte-buddy\1.8.15\byte-buddy-1.8.15.jar;F:\mavenRepository\org\apache\commons\commons-exec\1.3\commons-exec-1.3.jar;F:\mavenRepository\commons-codec\commons-codec\1.10\commons-codec-1.10.jar;F:\mavenRepository\commons-logging\commons-logging\1.2\commons-logging-1.2.jar;F:\mavenRepository\com\google\guava\guava\25.0-jre\guava-25.0-jre.jar;F:\mavenRepository\com\google\code\findbugs\jsr305\1.3.9\jsr305-1.3.9.jar;F:\mavenRepository\org\checkerframework\checker-compat-qual\2.0.0\checker-compat-qual-2.0.0.jar;F:\mavenRepository\com\google\errorprone\error_prone_annotations\2.1.3\error_prone_annotations-2.1.3.jar;F:\mavenRepository\com\google\j2objc\j2objc-annotations\1.1\j2objc-annotations-1.1.jar;F:\mavenRepository\org\codehaus\mojo\animal-sniffer-annotations\1.14\animal-sniffer-annotations-1.14.jar;F:\mavenRepository\com\squareup\okhttp3\okhttp\3.10.0\okhttp-3.10.0.jar;F:\mavenRepository\com\squareup\okio\okio\1.14.1\okio-1.14.1.jar;F:\mavenRepository\org\apache\logging\log4j\log4j-api\2.11.0\log4j-api-2.11.0.jar;F:\mavenRepository\org\apache\logging\log4j\log4j-core\2.11.0\log4j-core-2.11.0.jar;F:\mavenRepository\org\apache\logging\log4j\log4j-1.2-api\2.11.0\log4j-1.2-api-2.11.0.jar;F:\mavenRepository\io\appium\java-client\6.1.0\java-client-6.1.0.jar;F:\mavenRepository\com\google\code\gson\gson\2.8.4\gson-2.8.4.jar;F:\mavenRepository\cglib\cglib\3.2.6\cglib-3.2.6.jar;F:\mavenRepository\org\apache\ant\ant\1.9.6\ant-1.9.6.jar;F:\mavenRepository\org\apache\ant\ant-launcher\1.9.6\ant-launcher-1.9.6.jar;F:\mavenRepository\commons-validator\commons-validator\1.6\commons-validator-1.6.jar;F:\mavenRepository\commons-beanutils\commons-beanutils\1.9.2\commons-beanutils-1.9.2.jar;F:\mavenRepository\commons-digester\commons-digester\1.8.1\commons-digester-1.8.1.jar;F:\mavenRepository\commons-collections\commons-collections\3.2.2\commons-collections-3.2.2.jar;F:\mavenRepository\org\apache\commons\commons-lang3\3.7\commons-lang3-3.7.jar;F:\mavenRepository\org\springframework\spring-context\5.0.5.RELEASE\spring-context-5.0.5.RELEASE.jar;F:\mavenRepository\org\springframework\spring-aop\5.0.5.RELEASE\spring-aop-5.0.5.RELEASE.jar;F:\mavenRepository\org\springframework\spring-beans\5.0.5.RELEASE\spring-beans-5.0.5.RELEASE.jar;F:\mavenRepository\org\springframework\spring-core\5.0.5.RELEASE\spring-core-5.0.5.RELEASE.jar;F:\mavenRepository\org\springframework\spring-jcl\5.0.5.RELEASE\spring-jcl-5.0.5.RELEASE.jar;F:\mavenRepository\org\springframework\spring-expression\5.0.5.RELEASE\spring-expression-5.0.5.RELEASE.jar;F:\mavenRepository\org\aspectj\aspectjweaver\1.9.1\aspectjweaver-1.9.1.jar;F:\mavenRepository\org\openpnp\opencv\3.2.0-1\opencv-3.2.0-1.jar;F:\mavenRepository\org\apache\poi\poi\3.17\poi-3.17.jar;F:\mavenRepository\org\apache\commons\commons-collections4\4.1\commons-collections4-4.1.jar;F:\mavenRepository\org\apache\poi\poi-ooxml\3.17\poi-ooxml-3.17.jar;F:\mavenRepository\com\github\virtuald\curvesapi\1.04\curvesapi-1.04.jar;F:\mavenRepository\org\apache\poi\poi-ooxml-schemas\3.17\poi-ooxml-schemas-3.17.jar;F:\mavenRepository\org\apache\xmlbeans\xmlbeans\2.6.0\xmlbeans-2.6.0.jar;F:\mavenRepository\stax\stax-api\1.0.1\stax-api-1.0.1.jar;F:\mavenRepository\net\minidev\accessors-smart\1.2\accessors-smart-1.2.jar;F:\mavenRepository\org\ow2\asm\asm\5.0.4\asm-5.0.4.jar;F:\mavenRepository\com\jayway\jsonpath\json-path\2.4.0\json-path-2.4.0.jar;F:\mavenRepository\net\minidev\json-smart\2.3\json-smart-2.3.jar;F:\mavenRepository\org\slf4j\slf4j-nop\1.7.24\slf4j-nop-1.7.24.jar;F:\mavenRepository\org\slf4j\slf4j-api\1.7.25\slf4j-api-1.7.25.jar;F:\mavenRepository\commons-io\commons-io\2.6\commons-io-2.6.jar;F:\mavenRepository\org\apache\httpcomponents\httpclient\4.5.3\httpclient-4.5.3.jar;F:\mavenRepository\org\apache\httpcomponents\httpcore\4.4.6\httpcore-4.4.6.jar;F:\mavenRepository\org\apache\httpcomponents\httpmime\4.5.5\httpmime-4.5.5.jar;F:\mavenRepository\org\json\json\20180813\json-20180813.jar;F:\mavenRepository\javax\mail\mail\1.4.7\mail-1.4.7.jar;F:\mavenRepository\javax\activation\activation\1.1\activation-1.1.jar;"/>
    <property name="java.vm.specification.version" value="1.8"/>
    <property name="sun.arch.data.model" value="64"/>
    <property name="java.home" value="C:\Program Files\Java\jdk1.8.0_171\jre"/>
    <property name="sun.java.command" value="C:\Users\hp\AppData\Local\Temp\surefirebooter1396448474572330831.jar C:\Users\hp\AppData\Local\Temp\surefire974780122701159612tmp C:\Users\hp\AppData\Local\Temp\surefire8926105441288976610tmp"/>
    <property name="java.specification.vendor" value="Oracle Corporation"/>
    <property name="user.language" value="zh"/>
    <property name="awt.toolkit" value="sun.awt.windows.WToolkit"/>
    <property name="java.vm.info" value="mixed mode"/>
    <property name="java.version" value="1.8.0_171"/>
    <property name="java.ext.dirs" value="C:\Program Files\Java\jdk1.8.0_171\jre\lib\ext;C:\Windows\Sun\Java\lib\ext"/>
    <property name="sun.boot.class.path" value="C:\Program Files\Java\jdk1.8.0_171\jre\lib\resources.jar;C:\Program Files\Java\jdk1.8.0_171\jre\lib\rt.jar;C:\Program Files\Java\jdk1.8.0_171\jre\lib\sunrsasign.jar;C:\Program Files\Java\jdk1.8.0_171\jre\lib\jsse.jar;C:\Program Files\Java\jdk1.8.0_171\jre\lib\jce.jar;C:\Program Files\Java\jdk1.8.0_171\jre\lib\charsets.jar;C:\Program Files\Java\jdk1.8.0_171\jre\lib\jfr.jar;C:\Program Files\Java\jdk1.8.0_171\jre\classes"/>
    <property name="java.vendor" value="Oracle Corporation"/>
    <property name="localRepository" value="F:\mavenRepository"/>
    <property name="file.separator" value="\"/>
    <property name="java.vendor.url.bug" value="http://bugreport.sun.com/bugreport/"/>
    <property name="sun.cpu.endian" value="little"/>
    <property name="sun.io.unicode.encoding" value="UnicodeLittle"/>
    <property name="sun.desktop" value="windows"/>
    <property name="sun.cpu.isalist" value="amd64"/>
  </properties>
  <testcase classname="com.music.maven.DataDrivenInvoke1" name="f" time="0.027"/>
  <testcase classname="com.music.maven.DataDrivenInvoke1" name="f" time="0.001"/>
  <testcase classname="com.music.maven.DataDrivenInvoke1" name="f" time="0.001"/>
  <testcase classname="com.music.maven.DataDrivenInvoke1" name="f" time="0.001"/>
  <testcase classname="com.music.maven.DataDrivenInvoke1" name="f" time="0"/>
  <testcase classname="com.music.maven.DataDrivenInvoke1" name="f" time="0.001"/>
  <testcase classname="com.music.maven.DataDrivenInvoke1" name="f" time="0"/>
  <testcase classname="com.music.maven.DataDrivenInvoke1" name="f" time="0"/>
  <testcase classname="com.music.maven.DataDrivenInvoke1" name="f" time="0"/>
  <testcase classname="com.music.maven.DataDrivenInvoke1" name="f" time="0.001"/>
  <testcase classname="com.music.maven.DataDrivenInvoke1" name="f" time="0"/>
  <testcase classname="com.music.maven.DataDrivenInvoke1" name="f" time="0"/>
  <testcase classname="com.music.maven.DataDrivenInvoke1" name="f" time="0.001"/>
  <testcase classname="com.music.maven.DataDrivenInvoke1" name="f" time="0"/>
  <testcase classname="com.music.maven.DataDrivenInvoke1" name="f" time="0"/>
  <testcase classname="com.music.maven.DataDrivenInvoke1" name="f" time="0.001"/>
  <testcase classname="com.music.maven.DataDrivenInvoke1" name="f" time="0"/>
  <testcase classname="com.music.maven.DataDrivenInvoke1" name="f" time="0.002"/>
  <testcase classname="com.music.maven.DataDrivenInvoke1" name="f" time="0"/>
  <testcase classname="com.music.maven.DataDrivenInvoke1" name="f" time="0"/>
  <testcase classname="com.music.maven.DataDrivenInvoke1" name="f" time="0"/>
  <testcase classname="com.music.maven.DataDrivenInvoke1" name="f" time="0"/>
  <testcase classname="com.music.maven.DataDrivenInvoke1" name="f" time="0"/>
  <testcase classname="com.music.maven.DataDrivenInvoke1" name="f" time="0.001"/>
  <testcase classname="com.music.maven.DataDrivenInvoke1" name="f" time="0"/>
  <testcase classname="com.music.maven.DataDrivenInvoke1" name="f" time="0.001"/>
  <testcase classname="com.music.maven.DataDrivenInvoke1" name="f" time="0"/>
  <testcase classname="com.music.maven.DataDrivenInvoke1" name="f" time="0"/>
  <testcase classname="com.music.maven.DataDrivenInvoke1" name="f" time="0.001"/>
  <testcase classname="com.music.maven.DataDrivenInvoke1" name="f" time="0"/>
  <testcase classname="com.music.maven.DataDrivenInvoke1" name="f" time="0"/>
  <testcase classname="com.music.maven.DataDrivenInvoke1" name="f" time="0.001"/>
  <testcase classname="com.music.maven.DataDrivenInvoke1" name="f" time="0"/>
  <testcase classname="com.music.maven.DataDrivenInvoke1" name="f" time="0.001"/>
  <testcase classname="com.music.maven.DataDrivenInvoke1" name="f" time="0"/>
  <testcase classname="com.music.maven.DataDrivenInvoke1" name="f" time="0"/>
  <testcase classname="com.music.maven.DataDrivenInvoke1" name="f" time="0.001"/>
  <testcase classname="com.music.maven.DataDrivenInvoke1" name="f" time="0"/>
  <testcase classname="com.music.maven.DataDrivenInvoke1" name="f" time="0"/>
  <testcase classname="com.music.maven.DataDrivenInvoke1" name="f" time="0"/>
  <testcase classname="com.music.maven.DataDrivenInvoke1" name="f" time="0"/>
  <testcase classname="com.music.maven.DataDrivenInvoke1" name="f" time="0.001"/>
  <testcase classname="com.music.maven.DataDrivenInvoke1" name="f" time="0"/>
  <testcase classname="com.music.maven.DataDrivenInvoke1" name="f" time="0.001"/>
  <testcase classname="com.music.maven.DataDrivenInvoke1" name="f" time="0"/>
  <testcase classname="com.music.maven.DataDrivenInvoke1" name="f" time="0"/>
  <testcase classname="com.music.maven.DataDrivenInvoke1" name="f" time="0"/>
  <testcase classname="com.music.maven.DataDrivenInvoke1" name="f" time="0.001"/>
  <testcase classname="com.music.maven.DataDrivenInvoke1" name="f" time="0.001"/>
  <testcase classname="com.music.maven.DataDrivenInvoke1" name="f" time="0"/>
  <testcase classname="com.music.maven.DataDrivenInvoke1" name="f" time="0"/>
  <testcase classname="com.music.maven.DataDrivenInvoke1" name="f" time="0"/>
  <testcase classname="com.music.maven.DataDrivenInvoke1" name="f" time="0"/>
  <testcase classname="com.music.maven.DataDrivenInvoke1" name="f" time="0.001"/>
  <testcase classname="com.music.maven.DataDrivenInvoke1" name="f" time="0.001"/>
  <testcase classname="com.music.maven.DataDrivenInvoke1" name="f" time="0"/>
  <testcase classname="com.music.maven.DataDrivenInvoke1" name="f" time="0"/>
  <testcase classname="com.music.maven.DataDrivenInvoke1" name="f" time="0.001"/>
  <testcase classname="com.music.maven.DataDrivenInvoke1" name="f" time="0.001"/>
  <testcase classname="com.music.maven.DataDrivenInvoke1" name="f" time="0"/>
</testsuite>