<?xml version="1.0" encoding="UTF-8"?>
<!-- Generated by org.testng.reporters.JUnitReportReporter -->
<testsuite skipped="0" hostname="chenjuan" name="com.music.maven.DataDrivenInvoke1" tests="60" failures="0" timestamp="28 六月 2019 07:04:05 GMT" time="0.356" errors="0">
  <testcase name="f" time="0.001" classname="com.music.maven.DataDrivenInvoke1"/>
  <testcase name="f" time="0.001" classname="com.music.maven.DataDrivenInvoke1"/>
  <testcase name="f" time="0.004" classname="com.music.maven.DataDrivenInvoke1"/>
  <testcase name="f" time="0.002" classname="com.music.maven.DataDrivenInvoke1"/>
  <testcase name="f" time="0.001" classname="com.music.maven.DataDrivenInvoke1"/>
  <testcase name="f" time="0.001" classname="com.music.maven.DataDrivenInvoke1"/>
  <testcase name="f" time="0.125" classname="com.music.maven.DataDrivenInvoke1"/>
  <testcase name="f" time="0.025" classname="com.music.maven.DataDrivenInvoke1"/>
  <testcase name="f" time="0.027" classname="com.music.maven.DataDrivenInvoke1"/>
  <testcase name="f" time="0.001" classname="com.music.maven.DataDrivenInvoke1"/>
  <testcase name="f" time="0.001" classname="com.music.maven.DataDrivenInvoke1"/>
  <testcase name="f" time="0.001" classname="com.music.maven.DataDrivenInvoke1"/>
  <testcase name="f" time="0.002" classname="com.music.maven.DataDrivenInvoke1"/>
  <testcase name="f" time="0.002" classname="com.music.maven.DataDrivenInvoke1"/>
  <testcase name="f" time="0.001" classname="com.music.maven.DataDrivenInvoke1"/>
  <testcase name="f" time="0.001" classname="com.music.maven.DataDrivenInvoke1"/>
  <testcase name="f" time="0.004" classname="com.music.maven.DataDrivenInvoke1"/>
  <testcase name="f" time="0.020" classname="com.music.maven.DataDrivenInvoke1"/>
  <testcase name="f" time="0.001" classname="com.music.maven.DataDrivenInvoke1"/>
  <testcase name="f" time="0.001" classname="com.music.maven.DataDrivenInvoke1"/>
  <testcase name="f" time="0.000" classname="com.music.maven.DataDrivenInvoke1"/>
  <testcase name="f" time="0.002" classname="com.music.maven.DataDrivenInvoke1"/>
  <testcase name="f" time="0.003" classname="com.music.maven.DataDrivenInvoke1"/>
  <testcase name="f" time="0.002" classname="com.music.maven.DataDrivenInvoke1"/>
  <testcase name="f" time="0.004" classname="com.music.maven.DataDrivenInvoke1"/>
  <testcase name="f" time="0.001" classname="com.music.maven.DataDrivenInvoke1"/>
  <testcase name="f" time="0.001" classname="com.music.maven.DataDrivenInvoke1"/>
  <testcase name="f" time="0.014" classname="com.music.maven.DataDrivenInvoke1"/>
  <testcase name="f" time="0.002" classname="com.music.maven.DataDrivenInvoke1"/>
  <testcase name="f" time="0.001" classname="com.music.maven.DataDrivenInvoke1"/>
  <testcase name="f" time="0.002" classname="com.music.maven.DataDrivenInvoke1"/>
  <testcase name="f" time="0.034" classname="com.music.maven.DataDrivenInvoke1"/>
  <testcase name="f" time="0.001" classname="com.music.maven.DataDrivenInvoke1"/>
  <testcase name="f" time="0.001" classname="com.music.maven.DataDrivenInvoke1"/>
  <testcase name="f" time="0.001" classname="com.music.maven.DataDrivenInvoke1"/>
  <testcase name="f" time="0.001" classname="com.music.maven.DataDrivenInvoke1"/>
  <testcase name="f" time="0.001" classname="com.music.maven.DataDrivenInvoke1"/>
  <testcase name="f" time="0.002" classname="com.music.maven.DataDrivenInvoke1"/>
  <testcase name="f" time="0.002" classname="com.music.maven.DataDrivenInvoke1"/>
  <testcase name="f" time="0.002" classname="com.music.maven.DataDrivenInvoke1"/>
  <testcase name="f" time="0.003" classname="com.music.maven.DataDrivenInvoke1"/>
  <testcase name="f" time="0.002" classname="com.music.maven.DataDrivenInvoke1"/>
  <testcase name="f" time="0.002" classname="com.music.maven.DataDrivenInvoke1"/>
  <testcase name="f" time="0.001" classname="com.music.maven.DataDrivenInvoke1"/>
  <testcase name="f" time="0.002" classname="com.music.maven.DataDrivenInvoke1"/>
  <testcase name="f" time="0.007" classname="com.music.maven.DataDrivenInvoke1"/>
  <testcase name="f" time="0.000" classname="com.music.maven.DataDrivenInvoke1"/>
  <testcase name="f" time="0.001" classname="com.music.maven.DataDrivenInvoke1"/>
  <testcase name="f" time="0.001" classname="com.music.maven.DataDrivenInvoke1"/>
  <testcase name="f" time="0.001" classname="com.music.maven.DataDrivenInvoke1"/>
  <testcase name="f" time="0.001" classname="com.music.maven.DataDrivenInvoke1"/>
  <testcase name="f" time="0.001" classname="com.music.maven.DataDrivenInvoke1"/>
  <testcase name="f" time="0.001" classname="com.music.maven.DataDrivenInvoke1"/>
  <testcase name="f" time="0.016" classname="com.music.maven.DataDrivenInvoke1"/>
  <testcase name="f" time="0.002" classname="com.music.maven.DataDrivenInvoke1"/>
  <testcase name="f" time="0.001" classname="com.music.maven.DataDrivenInvoke1"/>
  <testcase name="f" time="0.001" classname="com.music.maven.DataDrivenInvoke1"/>
  <testcase name="f" time="0.009" classname="com.music.maven.DataDrivenInvoke1"/>
  <testcase name="f" time="0.001" classname="com.music.maven.DataDrivenInvoke1"/>
  <testcase name="f" time="0.004" classname="com.music.maven.DataDrivenInvoke1"/>
</testsuite> <!-- com.music.maven.DataDrivenInvoke1 -->
