<?xml version="1.0" encoding="UTF-8"?>
<!-- Generated by org.testng.reporters.JUnitReportReporter -->
<testsuite skipped="0" hostname="chenjuan" name="com.music.maven.DataDrivenInvoke" tests="60" failures="0" timestamp="28 六月 2019 07:03:19 GMT" time="0.325" errors="0">
  <testcase name="f" time="0.002" classname="com.music.maven.DataDrivenInvoke"/>
  <testcase name="f" time="0.002" classname="com.music.maven.DataDrivenInvoke"/>
  <testcase name="f" time="0.002" classname="com.music.maven.DataDrivenInvoke"/>
  <testcase name="f" time="0.002" classname="com.music.maven.DataDrivenInvoke"/>
  <testcase name="f" time="0.001" classname="com.music.maven.DataDrivenInvoke"/>
  <testcase name="f" time="0.001" classname="com.music.maven.DataDrivenInvoke"/>
  <testcase name="f" time="0.000" classname="com.music.maven.DataDrivenInvoke"/>
  <testcase name="f" time="0.109" classname="com.music.maven.DataDrivenInvoke"/>
  <testcase name="f" time="0.006" classname="com.music.maven.DataDrivenInvoke"/>
  <testcase name="f" time="0.001" classname="com.music.maven.DataDrivenInvoke"/>
  <testcase name="f" time="0.011" classname="com.music.maven.DataDrivenInvoke"/>
  <testcase name="f" time="0.001" classname="com.music.maven.DataDrivenInvoke"/>
  <testcase name="f" time="0.001" classname="com.music.maven.DataDrivenInvoke"/>
  <testcase name="f" time="0.001" classname="com.music.maven.DataDrivenInvoke"/>
  <testcase name="f" time="0.001" classname="com.music.maven.DataDrivenInvoke"/>
  <testcase name="f" time="0.005" classname="com.music.maven.DataDrivenInvoke"/>
  <testcase name="f" time="0.000" classname="com.music.maven.DataDrivenInvoke"/>
  <testcase name="f" time="0.002" classname="com.music.maven.DataDrivenInvoke"/>
  <testcase name="f" time="0.002" classname="com.music.maven.DataDrivenInvoke"/>
  <testcase name="f" time="0.004" classname="com.music.maven.DataDrivenInvoke"/>
  <testcase name="f" time="0.001" classname="com.music.maven.DataDrivenInvoke"/>
  <testcase name="f" time="0.001" classname="com.music.maven.DataDrivenInvoke"/>
  <testcase name="f" time="0.012" classname="com.music.maven.DataDrivenInvoke"/>
  <testcase name="f" time="0.001" classname="com.music.maven.DataDrivenInvoke"/>
  <testcase name="f" time="0.010" classname="com.music.maven.DataDrivenInvoke"/>
  <testcase name="f" time="0.023" classname="com.music.maven.DataDrivenInvoke"/>
  <testcase name="f" time="0.001" classname="com.music.maven.DataDrivenInvoke"/>
  <testcase name="f" time="0.005" classname="com.music.maven.DataDrivenInvoke"/>
  <testcase name="f" time="0.002" classname="com.music.maven.DataDrivenInvoke"/>
  <testcase name="f" time="0.001" classname="com.music.maven.DataDrivenInvoke"/>
  <testcase name="f" time="0.001" classname="com.music.maven.DataDrivenInvoke"/>
  <testcase name="f" time="0.001" classname="com.music.maven.DataDrivenInvoke"/>
  <testcase name="f" time="0.001" classname="com.music.maven.DataDrivenInvoke"/>
  <testcase name="f" time="0.001" classname="com.music.maven.DataDrivenInvoke"/>
  <testcase name="f" time="0.002" classname="com.music.maven.DataDrivenInvoke"/>
  <testcase name="f" time="0.002" classname="com.music.maven.DataDrivenInvoke"/>
  <testcase name="f" time="0.001" classname="com.music.maven.DataDrivenInvoke"/>
  <testcase name="f" time="0.001" classname="com.music.maven.DataDrivenInvoke"/>
  <testcase name="f" time="0.003" classname="com.music.maven.DataDrivenInvoke"/>
  <testcase name="f" time="0.002" classname="com.music.maven.DataDrivenInvoke"/>
  <testcase name="f" time="0.001" classname="com.music.maven.DataDrivenInvoke"/>
  <testcase name="f" time="0.002" classname="com.music.maven.DataDrivenInvoke"/>
  <testcase name="f" time="0.001" classname="com.music.maven.DataDrivenInvoke"/>
  <testcase name="f" time="0.032" classname="com.music.maven.DataDrivenInvoke"/>
  <testcase name="f" time="0.033" classname="com.music.maven.DataDrivenInvoke"/>
  <testcase name="f" time="0.000" classname="com.music.maven.DataDrivenInvoke"/>
  <testcase name="f" time="0.001" classname="com.music.maven.DataDrivenInvoke"/>
  <testcase name="f" time="0.001" classname="com.music.maven.DataDrivenInvoke"/>
  <testcase name="f" time="0.002" classname="com.music.maven.DataDrivenInvoke"/>
  <testcase name="f" time="0.001" classname="com.music.maven.DataDrivenInvoke"/>
  <testcase name="f" time="0.001" classname="com.music.maven.DataDrivenInvoke"/>
  <testcase name="f" time="0.006" classname="com.music.maven.DataDrivenInvoke"/>
  <testcase name="f" time="0.002" classname="com.music.maven.DataDrivenInvoke"/>
  <testcase name="f" time="0.007" classname="com.music.maven.DataDrivenInvoke"/>
  <testcase name="f" time="0.001" classname="com.music.maven.DataDrivenInvoke"/>
  <testcase name="f" time="0.003" classname="com.music.maven.DataDrivenInvoke"/>
  <testcase name="f" time="0.001" classname="com.music.maven.DataDrivenInvoke"/>
  <testcase name="f" time="0.002" classname="com.music.maven.DataDrivenInvoke"/>
  <testcase name="f" time="0.001" classname="com.music.maven.DataDrivenInvoke"/>
  <testcase name="f" time="0.001" classname="com.music.maven.DataDrivenInvoke"/>
</testsuite> <!-- com.music.maven.DataDrivenInvoke -->
