<?xml version="1.0" encoding="UTF-8"?>
<!-- Generated by org.testng.reporters.JUnitReportReporter -->
<testsuite skipped="0" hostname="chenjuan" name="com.music.maven.DataDrivenInvoke1" tests="60" failures="0" timestamp="28 六月 2019 07:14:33 GMT" time="0.021" errors="0">
  <testcase name="f" time="0.000" classname="com.music.maven.DataDrivenInvoke1"/>
  <testcase name="f" time="0.000" classname="com.music.maven.DataDrivenInvoke1"/>
  <testcase name="f" time="0.001" classname="com.music.maven.DataDrivenInvoke1"/>
  <testcase name="f" time="0.000" classname="com.music.maven.DataDrivenInvoke1"/>
  <testcase name="f" time="0.000" classname="com.music.maven.DataDrivenInvoke1"/>
  <testcase name="f" time="0.000" classname="com.music.maven.DataDrivenInvoke1"/>
  <testcase name="f" time="0.000" classname="com.music.maven.DataDrivenInvoke1"/>
  <testcase name="f" time="0.000" classname="com.music.maven.DataDrivenInvoke1"/>
  <testcase name="f" time="0.001" classname="com.music.maven.DataDrivenInvoke1"/>
  <testcase name="f" time="0.001" classname="com.music.maven.DataDrivenInvoke1"/>
  <testcase name="f" time="0.001" classname="com.music.maven.DataDrivenInvoke1"/>
  <testcase name="f" time="0.000" classname="com.music.maven.DataDrivenInvoke1"/>
  <testcase name="f" time="0.001" classname="com.music.maven.DataDrivenInvoke1"/>
  <testcase name="f" time="0.000" classname="com.music.maven.DataDrivenInvoke1"/>
  <testcase name="f" time="0.001" classname="com.music.maven.DataDrivenInvoke1"/>
  <testcase name="f" time="0.000" classname="com.music.maven.DataDrivenInvoke1"/>
  <testcase name="f" time="0.000" classname="com.music.maven.DataDrivenInvoke1"/>
  <testcase name="f" time="0.000" classname="com.music.maven.DataDrivenInvoke1"/>
  <testcase name="f" time="0.000" classname="com.music.maven.DataDrivenInvoke1"/>
  <testcase name="f" time="0.000" classname="com.music.maven.DataDrivenInvoke1"/>
  <testcase name="f" time="0.001" classname="com.music.maven.DataDrivenInvoke1"/>
  <testcase name="f" time="0.000" classname="com.music.maven.DataDrivenInvoke1"/>
  <testcase name="f" time="0.000" classname="com.music.maven.DataDrivenInvoke1"/>
  <testcase name="f" time="0.001" classname="com.music.maven.DataDrivenInvoke1"/>
  <testcase name="f" time="0.000" classname="com.music.maven.DataDrivenInvoke1"/>
  <testcase name="f" time="0.000" classname="com.music.maven.DataDrivenInvoke1"/>
  <testcase name="f" time="0.000" classname="com.music.maven.DataDrivenInvoke1"/>
  <testcase name="f" time="0.000" classname="com.music.maven.DataDrivenInvoke1"/>
  <testcase name="f" time="0.001" classname="com.music.maven.DataDrivenInvoke1"/>
  <testcase name="f" time="0.002" classname="com.music.maven.DataDrivenInvoke1"/>
  <testcase name="f" time="0.000" classname="com.music.maven.DataDrivenInvoke1"/>
  <testcase name="f" time="0.000" classname="com.music.maven.DataDrivenInvoke1"/>
  <testcase name="f" time="0.000" classname="com.music.maven.DataDrivenInvoke1"/>
  <testcase name="f" time="0.000" classname="com.music.maven.DataDrivenInvoke1"/>
  <testcase name="f" time="0.000" classname="com.music.maven.DataDrivenInvoke1"/>
  <testcase name="f" time="0.001" classname="com.music.maven.DataDrivenInvoke1"/>
  <testcase name="f" time="0.000" classname="com.music.maven.DataDrivenInvoke1"/>
  <testcase name="f" time="0.001" classname="com.music.maven.DataDrivenInvoke1"/>
  <testcase name="f" time="0.000" classname="com.music.maven.DataDrivenInvoke1"/>
  <testcase name="f" time="0.000" classname="com.music.maven.DataDrivenInvoke1"/>
  <testcase name="f" time="0.000" classname="com.music.maven.DataDrivenInvoke1"/>
  <testcase name="f" time="0.000" classname="com.music.maven.DataDrivenInvoke1"/>
  <testcase name="f" time="0.001" classname="com.music.maven.DataDrivenInvoke1"/>
  <testcase name="f" time="0.001" classname="com.music.maven.DataDrivenInvoke1"/>
  <testcase name="f" time="0.000" classname="com.music.maven.DataDrivenInvoke1"/>
  <testcase name="f" time="0.000" classname="com.music.maven.DataDrivenInvoke1"/>
  <testcase name="f" time="0.000" classname="com.music.maven.DataDrivenInvoke1"/>
  <testcase name="f" time="0.000" classname="com.music.maven.DataDrivenInvoke1"/>
  <testcase name="f" time="0.002" classname="com.music.maven.DataDrivenInvoke1"/>
  <testcase name="f" time="0.001" classname="com.music.maven.DataDrivenInvoke1"/>
  <testcase name="f" time="0.000" classname="com.music.maven.DataDrivenInvoke1"/>
  <testcase name="f" time="0.001" classname="com.music.maven.DataDrivenInvoke1"/>
  <testcase name="f" time="0.000" classname="com.music.maven.DataDrivenInvoke1"/>
  <testcase name="f" time="0.001" classname="com.music.maven.DataDrivenInvoke1"/>
  <testcase name="f" time="0.000" classname="com.music.maven.DataDrivenInvoke1"/>
  <testcase name="f" time="0.000" classname="com.music.maven.DataDrivenInvoke1"/>
  <testcase name="f" time="0.000" classname="com.music.maven.DataDrivenInvoke1"/>
  <testcase name="f" time="0.000" classname="com.music.maven.DataDrivenInvoke1"/>
  <testcase name="f" time="0.001" classname="com.music.maven.DataDrivenInvoke1"/>
  <testcase name="f" time="0.000" classname="com.music.maven.DataDrivenInvoke1"/>
</testsuite> <!-- com.music.maven.DataDrivenInvoke1 -->
